#
# There is insufficient memory for the Java Runtime Environment to continue.
# Native memory allocation (mmap) failed to map 1073741824 bytes for Failed to commit area from 0x00000000c0000000 to 0x0000000100000000 of length 1073741824.
# Possible reasons:
#   The system is out of physical RAM or swap space
#   The process is running with CompressedOops enabled, and the Java Heap may be blocking the growth of the native heap
# Possible solutions:
#   Reduce memory load on the system
#   Increase physical memory or swap space
#   Check if swap backing store is full
#   Decrease Java heap size (-Xmx/-Xms)
#   Decrease number of Java threads
#   Decrease Java thread stack sizes (-Xss)
#   Set larger code cache with -XX:ReservedCodeCacheSize=
# This output file may be truncated or incomplete.
#
#  Out of Memory Error (os_windows.cpp:3335), pid=294976, tid=0x0000000000048048
#
# JRE version:  (8.0_201-b09) (build )
# Java VM: Java HotSpot(TM) 64-Bit Server VM (25.201-b09 mixed mode windows-amd64 compressed oops)
# Failed to write core dump. Minidumps are not enabled by default on client versions of Windows
#

---------------  T H R E A D  ---------------

Current thread (0x00000000021cf000):  JavaThread "Unknown thread" [_thread_in_vm, id=294984, stack(0x0000000002450000,0x0000000002550000)]

Stack: [0x0000000002450000,0x0000000002550000]
[error occurred during error reporting (printing stack bounds), id 0xc0000005]

Native frames: (J=compiled Java code, j=interpreted, Vv=VM code, C=native code)


---------------  P R O C E S S  ---------------

Java Threads: ( => current thread )

Other Threads:

=>0x00000000021cf000 (exited) JavaThread "Unknown thread" [_thread_in_vm, id=294984, stack(0x0000000002450000,0x0000000002550000)]

VM state:not at safepoint (not fully initialized)

VM Mutex/Monitor currently owned by a thread:  ([mutex/lock_event])
[0x00000000021cdb20] Heap_lock - owner thread: 0x00000000021cf000

heap address: 0x00000000c0000000, size: 1024 MB, Compressed Oops mode: Non-zero based:0x00000000bffff000
Narrow klass base: 0x0000000000000000, Narrow klass shift: 0

GC Heap History (0 events):
No events

Deoptimization events (0 events):
No events

Classes redefined (0 events):
No events

Internal exceptions (0 events):
No events

Events (0 events):
No events


Dynamic libraries:
0x000000013f250000 - 0x000000013f287000 	C:\Program Files (x86)\Common Files\Oracle\Java\javapath\java.exe
0x0000000077a80000 - 0x0000000077c29000 	C:\Windows\SYSTEM32\ntdll.dll
0x0000000077960000 - 0x0000000077a7f000 	C:\Windows\system32\kernel32.dll
0x000007fefdd30000 - 0x000007fefdd9b000 	C:\Windows\system32\KERNELBASE.dll
0x000007feffb90000 - 0x000007feffc6b000 	C:\Windows\system32\ADVAPI32.dll
0x000007feffcf0000 - 0x000007feffd8f000 	C:\Windows\system32\msvcrt.dll
0x000007fefdef0000 - 0x000007fefdf0f000 	C:\Windows\SYSTEM32\sechost.dll
0x000007fefe660000 - 0x000007fefe78d000 	C:\Windows\system32\RPCRT4.dll
0x0000000077860000 - 0x000000007795a000 	C:\Windows\system32\USER32.dll
0x000007fefe200000 - 0x000007fefe267000 	C:\Windows\system32\GDI32.dll
0x000007fefdf10000 - 0x000007fefdf1e000 	C:\Windows\system32\LPK.dll
0x000007fefe590000 - 0x000007fefe659000 	C:\Windows\system32\USP10.dll
0x000007fefc640000 - 0x000007fefc834000 	C:\Windows\WinSxS\amd64_microsoft.windows.common-controls_6595b64144ccf1df_6.0.7601.17514_none_fa396087175ac9ac\COMCTL32.dll
0x000007fefdf20000 - 0x000007fefdf91000 	C:\Windows\system32\SHLWAPI.dll
0x000007feffcc0000 - 0x000007feffcee000 	C:\Windows\system32\IMM32.DLL
0x000007fefe790000 - 0x000007fefe899000 	C:\Windows\system32\MSCTF.dll
0x000000006fd20000 - 0x000000006fdf1000 	C:\Program Files\Java\jre1.8.0_201\bin\msvcr100.dll
0x0000000070780000 - 0x0000000071024000 	C:\Program Files\Java\jre1.8.0_201\bin\server\jvm.dll
0x000007feeff30000 - 0x000007feeff39000 	C:\Windows\system32\WSOCK32.dll
0x000007feffc70000 - 0x000007feffcbd000 	C:\Windows\system32\WS2_32.dll
0x000007fefde40000 - 0x000007fefde48000 	C:\Windows\system32\NSI.dll
0x000007fefbbd0000 - 0x000007fefbc0b000 	C:\Windows\system32\WINMM.dll
0x000007fefcb30000 - 0x000007fefcb3c000 	C:\Windows\system32\VERSION.dll
0x0000000077c40000 - 0x0000000077c47000 	C:\Windows\system32\PSAPI.DLL
0x000007fef6560000 - 0x000007fef656f000 	C:\Program Files\Java\jre1.8.0_201\bin\verify.dll
0x000007fef4530000 - 0x000007fef4559000 	C:\Program Files\Java\jre1.8.0_201\bin\java.dll
0x000007fef3220000 - 0x000007fef3236000 	C:\Program Files\Java\jre1.8.0_201\bin\zip.dll

VM Arguments:
jvm_args: -XX:+HeapDumpOnOutOfMemoryError -Xms1g -Xmx1g -XX:MaxMetaspaceSize=256m -XX:+UseG1GC -XX:MaxGCPauseMillis=100 -XX:G1ReservePercent=20 -Djava.security.egd=file:/dev/urandom -Duser.language=en -Duser.region=EN 
java_command: ApacheJMeter.jar
java_class_path (initial): ApacheJMeter.jar
Launcher Type: SUN_STANDARD

Environment Variables:
JAVA_HOME=C:\Program Files\Java\jdk1.8.0_144
PATH=C:\Program Files (x86)\Common Files\Oracle\Java\javapath;C:\ProgramData\Oracle\Java\javapath;C:\Windows\system32;C:\Windows;C:\Windows\System32\Wbem;C:\Windows\System32\WindowsPowerShell\v1.0\;C:\Program Files (x86)\MySQL\MySQL Fabric 1.5 & MySQL Utilities 1.5\;C:\Program Files (x86)\MySQL\MySQL Fabric 1.5 & MySQL Utilities 1.5\Doctrine extensions for PHP\;C:\Program Files\Git\cmd;C:\Program Files\Java\jdk1.8.0_144\bin;C:\apache-maven-3.6.0\bin;C:\Program Files\PuTTY\;C:\Program Files\Git\bin;C:\Users\Admin\Desktop\docker;C:\Program Files (x86)\nodejs;C:\Program Files\nodejs\;C:\JUnit;C:\Ruby25-x64\bin;C:\Program Files\Microsoft VS Code\bin;C:\Users\Admin\AppData\Roaming\npm
USERNAME=Admin
OS=Windows_NT
PROCESSOR_IDENTIFIER=Intel64 Family 6 Model 85 Stepping 4, GenuineIntel



---------------  S Y S T E M  ---------------

OS: Windows 7 , 64 bit Build 7601 (6.1.7601.17514)

CPU:total 2 (initial active 2) (2 cores per cpu, 1 threads per core) family 6 model 85 stepping 4, cmov, cx8, fxsr, mmx, sse, sse2, sse3, ssse3, sse4.1, sse4.2, popcnt, avx, avx2, aes, clmul, erms, rtm, 3dnowpref, lzcnt, tsc, bmi1, bmi2

Memory: 4k page, physical 4193848k(807956k free), swap 8587576k(1046400k free)

vm_info: Java HotSpot(TM) 64-Bit Server VM (25.201-b09) for windows-amd64 JRE (1.8.0_201-b09), built on Dec 15 2018 18:36:39 by "java_re" with MS VC++ 10.0 (VS2010)

time: Tue Apr 09 11:49:36 2019
timezone: India Standard Time
elapsed time: 0 seconds (0d 0h 0m 0s)

