2019-04-26 18:25:19,213 INFO o.a.j.u.JMeterUtils: Setting Locale to en_US
2019-04-26 18:25:19,260 INFO o.a.j.JMeter: Loading user properties from: user.properties
2019-04-26 18:25:19,260 INFO o.a.j.JMeter: Loading system properties from: system.properties
2019-04-26 18:25:19,276 INFO o.a.j.JMeter: Copyright (c) 1998-2019 The Apache Software Foundation
2019-04-26 18:25:19,276 INFO o.a.j.JMeter: Version 5.1.1 r1855137
2019-04-26 18:25:19,276 INFO o.a.j.JMeter: java.version=1.8.0_202
2019-04-26 18:25:19,276 INFO o.a.j.JMeter: java.vm.name=Java HotSpot(TM) Client VM
2019-04-26 18:25:19,276 INFO o.a.j.JMeter: os.name=Windows 7
2019-04-26 18:25:19,276 INFO o.a.j.JMeter: os.arch=x86
2019-04-26 18:25:19,276 INFO o.a.j.JMeter: os.version=6.1
2019-04-26 18:25:19,276 INFO o.a.j.JMeter: file.encoding=Cp1252
2019-04-26 18:25:19,276 INFO o.a.j.JMeter: java.awt.headless=null
2019-04-26 18:25:19,276 INFO o.a.j.JMeter: Max memory     =259522560
2019-04-26 18:25:19,276 INFO o.a.j.JMeter: Available Processors =2
2019-04-26 18:25:19,323 INFO o.a.j.JMeter: Default Locale=English (United States)
2019-04-26 18:25:19,323 INFO o.a.j.JMeter: JMeter  Locale=English (United States)
2019-04-26 18:25:19,323 INFO o.a.j.JMeter: JMeterHome=C:\apache-jmeter-5.1.1
2019-04-26 18:25:19,323 INFO o.a.j.JMeter: user.dir  =C:\apache-jmeter-5.1.1\bin
2019-04-26 18:25:19,323 INFO o.a.j.JMeter: PWD       =C:\apache-jmeter-5.1.1\bin
2019-04-26 18:25:19,338 INFO o.a.j.JMeter: IP: 172.18.2.145 Name: Javafs FullName: 172.18.2.145
2019-04-26 18:25:20,323 INFO o.a.j.g.a.LookAndFeelCommand: Installing Darcula LAF
2019-04-26 18:25:20,479 INFO o.a.j.g.a.LookAndFeelCommand: Using look and feel: com.bulenkov.darcula.DarculaLaf [Darcula]
2019-04-26 18:25:20,479 INFO o.a.j.JMeter: Setting LAF to: com.bulenkov.darcula.DarculaLaf
2019-04-26 18:25:20,760 INFO o.a.j.JMeter: Loaded icon properties from org/apache/jmeter/images/icon.properties
2019-04-26 18:25:24,760 INFO o.a.j.p.h.s.HTTPSamplerBase: Parser for text/html is org.apache.jmeter.protocol.http.parser.LagartoBasedHtmlParser
2019-04-26 18:25:24,760 INFO o.a.j.p.h.s.HTTPSamplerBase: Parser for application/xhtml+xml is org.apache.jmeter.protocol.http.parser.LagartoBasedHtmlParser
2019-04-26 18:25:24,760 INFO o.a.j.p.h.s.HTTPSamplerBase: Parser for application/xml is org.apache.jmeter.protocol.http.parser.LagartoBasedHtmlParser
2019-04-26 18:25:24,760 INFO o.a.j.p.h.s.HTTPSamplerBase: Parser for text/xml is org.apache.jmeter.protocol.http.parser.LagartoBasedHtmlParser
2019-04-26 18:25:24,760 INFO o.a.j.p.h.s.HTTPSamplerBase: Parser for text/vnd.wap.wml is org.apache.jmeter.protocol.http.parser.RegexpHTMLParser
2019-04-26 18:25:24,760 INFO o.a.j.p.h.s.HTTPSamplerBase: Parser for text/css is org.apache.jmeter.protocol.http.parser.CssParser
2019-04-26 18:25:25,604 INFO o.a.j.e.KeyToolUtils: keytool found at 'keytool'
2019-04-26 18:25:25,604 INFO o.a.j.p.h.p.ProxyControl: HTTP(S) Test Script Recorder SSL Proxy will use keys that support embedded 3rd party resources in file C:\apache-jmeter-5.1.1\bin\proxyserver.jks
2019-04-26 18:25:25,885 INFO o.a.j.s.FileServer: Default base='C:\apache-jmeter-5.1.1\bin'
2019-04-26 18:25:26,885 INFO o.a.j.s.SampleResult: Note: Sample TimeStamps are START times
2019-04-26 18:25:26,885 INFO o.a.j.s.SampleResult: sampleresult.default.encoding is set to ISO-8859-1
2019-04-26 18:25:26,885 INFO o.a.j.s.SampleResult: sampleresult.useNanoTime=true
2019-04-26 18:25:26,885 INFO o.a.j.s.SampleResult: sampleresult.nanoThreadSleep=5000
2019-04-26 18:25:38,166 INFO o.a.j.g.a.Load: Loading file: C:\apache-jmeter-5.1.1\bin\View Results Tree.jmx
2019-04-26 18:25:38,166 INFO o.a.j.s.FileServer: Set new base='C:\apache-jmeter-5.1.1\bin'
2019-04-26 18:25:38,666 INFO o.a.j.s.SaveService: Testplan (JMX) version: 2.2. Testlog (JTL) version: 2.2
2019-04-26 18:25:38,745 INFO o.a.j.s.SaveService: Using SaveService properties file encoding UTF-8
2019-04-26 18:25:38,745 INFO o.a.j.s.SaveService: Using SaveService properties version 5.0
2019-04-26 18:25:38,760 INFO o.a.j.s.SaveService: Loading file: C:\apache-jmeter-5.1.1\bin\View Results Tree.jmx
2019-04-26 18:25:38,916 INFO o.a.j.s.FileServer: Set new base='C:\apache-jmeter-5.1.1\bin'
2019-04-26 18:25:51,510 INFO o.a.j.g.a.Load: Loading file: C:\apache-jmeter-5.1.1\bin\View Results Tree.jmx
2019-04-26 18:25:51,510 INFO o.a.j.s.FileServer: Set new base='C:\apache-jmeter-5.1.1\bin'
2019-04-26 18:25:51,510 INFO o.a.j.s.SaveService: Loading file: C:\apache-jmeter-5.1.1\bin\View Results Tree.jmx
2019-04-26 18:25:51,573 INFO o.a.j.s.FileServer: Set new base='C:\apache-jmeter-5.1.1\bin'
2019-04-26 18:26:38,229 INFO o.a.j.e.StandardJMeterEngine: Running the test!
2019-04-26 18:26:38,229 INFO o.a.j.s.SampleEvent: List of sample_variables: []
2019-04-26 18:26:38,229 INFO o.a.j.s.SampleEvent: List of sample_variables: []
2019-04-26 18:26:38,229 INFO o.a.j.e.u.CompoundVariable: Note: Function class names must contain the string: '.functions.'
2019-04-26 18:26:38,229 INFO o.a.j.e.u.CompoundVariable: Note: Function class names must not contain the string: '.gui.'
2019-04-26 18:26:38,932 INFO o.a.j.g.u.JMeterMenuBar: setRunning(true, *local*)
2019-04-26 18:26:39,041 INFO o.a.j.e.StandardJMeterEngine: Starting ThreadGroup: 1 : Thread Group
2019-04-26 18:26:39,041 INFO o.a.j.e.StandardJMeterEngine: Starting 1 threads for group Thread Group.
2019-04-26 18:26:39,041 INFO o.a.j.e.StandardJMeterEngine: Thread will continue on error
2019-04-26 18:26:39,041 INFO o.a.j.t.ThreadGroup: Starting thread group... number=1 threads=1 ramp-up=1 delayedStart=false
2019-04-26 18:26:39,041 INFO o.a.j.t.ThreadGroup: Started thread group number 1
2019-04-26 18:26:39,041 INFO o.a.j.e.StandardJMeterEngine: All thread groups have been started
2019-04-26 18:26:39,041 INFO o.a.j.t.JMeterThread: Thread started: Thread Group 1-1
2019-04-26 18:26:39,073 INFO o.a.j.p.h.s.HTTPHCAbstractImpl: Local host = Javafs
2019-04-26 18:26:39,088 INFO o.a.j.p.h.s.HTTPHC4Impl: HTTP request retry count = 0
2019-04-26 18:26:40,401 INFO o.a.j.t.JMeterThread: Thread is done: Thread Group 1-1
2019-04-26 18:26:40,401 INFO o.a.j.t.JMeterThread: Thread finished: Thread Group 1-1
2019-04-26 18:26:40,401 INFO o.a.j.e.StandardJMeterEngine: Notifying test listeners of end of test
2019-04-26 18:26:40,401 INFO o.a.j.g.u.JMeterMenuBar: setRunning(false, *local*)
2019-04-26 18:26:58,385 INFO o.a.j.e.StandardJMeterEngine: Running the test!
2019-04-26 18:26:58,385 INFO o.a.j.s.SampleEvent: List of sample_variables: []
2019-04-26 18:26:58,385 INFO o.a.j.g.u.JMeterMenuBar: setRunning(true, *local*)
2019-04-26 18:26:58,495 INFO o.a.j.e.StandardJMeterEngine: Starting ThreadGroup: 1 : Thread Group
2019-04-26 18:26:58,495 INFO o.a.j.e.StandardJMeterEngine: Starting 1 threads for group Thread Group.
2019-04-26 18:26:58,495 INFO o.a.j.e.StandardJMeterEngine: Thread will continue on error
2019-04-26 18:26:58,495 INFO o.a.j.t.ThreadGroup: Starting thread group... number=1 threads=1 ramp-up=1 delayedStart=false
2019-04-26 18:26:58,510 INFO o.a.j.t.ThreadGroup: Started thread group number 1
2019-04-26 18:26:58,510 INFO o.a.j.e.StandardJMeterEngine: All thread groups have been started
2019-04-26 18:26:58,510 INFO o.a.j.t.JMeterThread: Thread started: Thread Group 1-1
2019-04-26 18:26:59,588 INFO o.a.j.t.JMeterThread: Thread is done: Thread Group 1-1
2019-04-26 18:26:59,588 INFO o.a.j.t.JMeterThread: Thread finished: Thread Group 1-1
2019-04-26 18:26:59,588 INFO o.a.j.e.StandardJMeterEngine: Notifying test listeners of end of test
2019-04-26 18:26:59,588 INFO o.a.j.g.u.JMeterMenuBar: setRunning(false, *local*)
